0 info it worked if it ends with ok
1 verbose cli [ '/Users/steven.kauyedauty/.nvm/versions/node/v4.6.1/bin/node',
1 verbose cli   '/Users/steven.kauyedauty/.nvm/versions/node/v4.6.1/bin/npm',
1 verbose cli   'run',
1 verbose cli   'generate-mock-data' ]
2 info using npm@3.10.9
3 info using node@v4.6.1
4 verbose run-script [ 'pregenerate-mock-data',
4 verbose run-script   'generate-mock-data',
4 verbose run-script   'postgenerate-mock-data' ]
5 info lifecycle javascript-development-environment@1.0.0~pregenerate-mock-data: javascript-development-environment@1.0.0
6 silly lifecycle javascript-development-environment@1.0.0~pregenerate-mock-data: no script for pregenerate-mock-data, continuing
7 info lifecycle javascript-development-environment@1.0.0~generate-mock-data: javascript-development-environment@1.0.0
8 verbose lifecycle javascript-development-environment@1.0.0~generate-mock-data: unsafe-perm in lifecycle true
9 verbose lifecycle javascript-development-environment@1.0.0~generate-mock-data: PATH: /Users/steven.kauyedauty/.nvm/versions/node/v4.6.1/lib/node_modules/npm/bin/node-gyp-bin:/Users/steven.kauyedauty/projects/jsStarter/node_modules/.bin:/Users/steven.kauyedauty/.nvm/versions/node/v4.6.1/bin:/usr/local/bin:/usr/bin:/bin:/usr/sbin:/sbin:/usr/local/share/dotnet:/usr/local/go/bin
10 verbose lifecycle javascript-development-environment@1.0.0~generate-mock-data: CWD: /Users/steven.kauyedauty/projects/jsStarter
11 silly lifecycle javascript-development-environment@1.0.0~generate-mock-data: Args: [ '-c', 'babel-node buildScripts/generateMockData' ]
12 silly lifecycle javascript-development-environment@1.0.0~generate-mock-data: Returned: code: 1  signal: null
13 info lifecycle javascript-development-environment@1.0.0~generate-mock-data: Failed to exec generate-mock-data script
14 verbose stack Error: javascript-development-environment@1.0.0 generate-mock-data: `babel-node buildScripts/generateMockData`
14 verbose stack Exit status 1
14 verbose stack     at EventEmitter.<anonymous> (/Users/steven.kauyedauty/.nvm/versions/node/v4.6.1/lib/node_modules/npm/lib/utils/lifecycle.js:255:16)
14 verbose stack     at emitTwo (events.js:87:13)
14 verbose stack     at EventEmitter.emit (events.js:172:7)
14 verbose stack     at ChildProcess.<anonymous> (/Users/steven.kauyedauty/.nvm/versions/node/v4.6.1/lib/node_modules/npm/lib/utils/spawn.js:40:14)
14 verbose stack     at emitTwo (events.js:87:13)
14 verbose stack     at ChildProcess.emit (events.js:172:7)
14 verbose stack     at maybeClose (internal/child_process.js:829:16)
14 verbose stack     at Process.ChildProcess._handle.onexit (internal/child_process.js:211:5)
15 verbose pkgid javascript-development-environment@1.0.0
16 verbose cwd /Users/steven.kauyedauty/projects/jsStarter
17 error Darwin 15.4.0
18 error argv "/Users/steven.kauyedauty/.nvm/versions/node/v4.6.1/bin/node" "/Users/steven.kauyedauty/.nvm/versions/node/v4.6.1/bin/npm" "run" "generate-mock-data"
19 error node v4.6.1
20 error npm  v3.10.9
21 error code ELIFECYCLE
22 error javascript-development-environment@1.0.0 generate-mock-data: `babel-node buildScripts/generateMockData`
22 error Exit status 1
23 error Failed at the javascript-development-environment@1.0.0 generate-mock-data script 'babel-node buildScripts/generateMockData'.
23 error Make sure you have the latest version of node.js and npm installed.
23 error If you do, this is most likely a problem with the javascript-development-environment package,
23 error not with npm itself.
23 error Tell the author that this fails on your system:
23 error     babel-node buildScripts/generateMockData
23 error You can get information on how to open an issue for this project with:
23 error     npm bugs javascript-development-environment
23 error Or if that isn't available, you can get their info via:
23 error     npm owner ls javascript-development-environment
23 error There is likely additional logging output above.
24 verbose exit [ 1, true ]
